<?xml version="1.0" encoding="UTF-8"?>
<testng-results ignored="0" total="1" passed="1" failed="0" skipped="0">
  <reporter-output>
  </reporter-output>
  <suite started-at="2020-08-23T13:50:20 IST" name="Default suite" finished-at="2020-08-23T13:50:35 IST" duration-ms="15576">
    <groups>
    </groups>
    <test started-at="2020-08-23T13:50:20 IST" name="Default test" finished-at="2020-08-23T13:50:35 IST" duration-ms="15576">
      <class name="abhinav.test1.App">
        <test-method signature="test()[pri:0, instance:abhinav.test1.App@73ee04c8]" started-at="2020-08-23T13:50:20 IST" name="test" finished-at="2020-08-23T13:50:35 IST" duration-ms="15524" status="PASS">
          <reporter-output>
          </reporter-output>
        </test-method> <!-- test -->
      </class> <!-- abhinav.test1.App -->
    </test> <!-- Default test -->
  </suite> <!-- Default suite -->
</testng-results>
